[debug] [2021-04-19T05:30:02.554Z] ----------------------------------------------------------------------
[debug] [2021-04-19T05:30:02.556Z] Command:       /usr/local/bin/node /usr/local/bin/firebase deploy
[debug] [2021-04-19T05:30:02.556Z] CLI Version:   8.16.2
[debug] [2021-04-19T05:30:02.556Z] Platform:      darwin
[debug] [2021-04-19T05:30:02.556Z] Node Version:  v14.7.0
[debug] [2021-04-19T05:30:02.557Z] Time:          Mon Apr 19 2021 07:30:02 GMT+0200 (czas środkowoeuropejski letni)
[debug] [2021-04-19T05:30:02.558Z] ----------------------------------------------------------------------
[debug] [2021-04-19T05:30:02.558Z] 
[debug] [2021-04-19T05:30:02.559Z] >>> [apiv2][query] GET https://firebase-public.firebaseio.com/cli.json [none]
[debug] [2021-04-19T05:30:02.582Z] > command requires scopes: ["email","openid","https://www.googleapis.com/auth/cloudplatformprojects.readonly","https://www.googleapis.com/auth/firebase","https://www.googleapis.com/auth/cloud-platform"]
[debug] [2021-04-19T05:30:02.583Z] > authorizing via signed-in user
[debug] [2021-04-19T05:30:02.583Z] [iam] checking project pwgram-ae7bc for permissions ["cloudfunctions.functions.create","cloudfunctions.functions.delete","cloudfunctions.functions.get","cloudfunctions.functions.list","cloudfunctions.functions.update","cloudfunctions.operations.get","firebase.projects.get","firebasehosting.sites.update"]
[debug] [2021-04-19T05:30:02.585Z] > refreshing access token with scopes: ["email","https://www.googleapis.com/auth/cloud-platform","https://www.googleapis.com/auth/cloudplatformprojects.readonly","https://www.googleapis.com/auth/firebase","openid"]
[debug] [2021-04-19T05:30:02.585Z] >>> HTTP REQUEST POST https://www.googleapis.com/oauth2/v3/token  
 <request body omitted>
[debug] [2021-04-19T05:30:02.782Z] <<< HTTP RESPONSE 200 {"cache-control":"no-cache, no-store, max-age=0, must-revalidate","expires":"Mon, 01 Jan 1990 00:00:00 GMT","date":"Mon, 19 Apr 2021 05:30:02 GMT","pragma":"no-cache","content-type":"application/json; charset=utf-8","vary":"X-Origin, Referer, Origin,Accept-Encoding","server":"scaffolding on HTTPServer2","x-xss-protection":"0","x-frame-options":"SAMEORIGIN","x-content-type-options":"nosniff","alt-svc":"h3-29=\":443\"; ma=2592000,h3-T051=\":443\"; ma=2592000,h3-Q050=\":443\"; ma=2592000,h3-Q046=\":443\"; ma=2592000,h3-Q043=\":443\"; ma=2592000,quic=\":443\"; ma=2592000; v=\"46,43\"","accept-ranges":"none","transfer-encoding":"chunked"}
[debug] [2021-04-19T05:30:02.815Z] >>> HTTP REQUEST POST https://cloudresourcemanager.googleapis.com/v1/projects/pwgram-ae7bc:testIamPermissions  
 {"permissions":["cloudfunctions.functions.create","cloudfunctions.functions.delete","cloudfunctions.functions.get","cloudfunctions.functions.list","cloudfunctions.functions.update","cloudfunctions.operations.get","firebase.projects.get","firebasehosting.sites.update"]}
[debug] [2021-04-19T05:30:03.111Z] <<< [apiv2][status] GET https://firebase-public.firebaseio.com/cli.json 200
[debug] [2021-04-19T05:30:03.111Z] <<< [apiv2][body] GET https://firebase-public.firebaseio.com/cli.json {"cloudBuildErrorAfter":1594252800000,"cloudBuildWarnAfter":1590019200000,"defaultNode10After":1594252800000,"minVersion":"3.0.5","node8DeploysDisabledAfter":1613390400000,"node8RuntimeDisabledAfter":1615809600000,"node8WarnAfter":1600128000000}
[debug] [2021-04-19T05:30:03.649Z] <<< HTTP RESPONSE 200 {"content-type":"application/json; charset=UTF-8","vary":"X-Origin, Referer, Origin,Accept-Encoding","date":"Mon, 19 Apr 2021 05:30:03 GMT","server":"ESF","cache-control":"private","x-xss-protection":"0","x-frame-options":"SAMEORIGIN","x-content-type-options":"nosniff","server-timing":"gfet4t7; dur=693","alt-svc":"h3-29=\":443\"; ma=2592000,h3-T051=\":443\"; ma=2592000,h3-Q050=\":443\"; ma=2592000,h3-Q046=\":443\"; ma=2592000,h3-Q043=\":443\"; ma=2592000,quic=\":443\"; ma=2592000; v=\"46,43\"","accept-ranges":"none","transfer-encoding":"chunked"}
[debug] [2021-04-19T05:30:03.650Z] >>> HTTP REQUEST POST https://iam.googleapis.com/v1/projects/pwgram-ae7bc/serviceAccounts/pwgram-ae7bc@appspot.gserviceaccount.com:testIamPermissions  
 {"permissions":["iam.serviceAccounts.actAs"]}
[debug] [2021-04-19T05:30:04.555Z] <<< HTTP RESPONSE 200 {"content-type":"application/json; charset=UTF-8","vary":"X-Origin, Referer, Origin,Accept-Encoding","date":"Mon, 19 Apr 2021 05:30:04 GMT","server":"ESF","cache-control":"private","x-xss-protection":"0","x-frame-options":"SAMEORIGIN","x-content-type-options":"nosniff","alt-svc":"h3-29=\":443\"; ma=2592000,h3-T051=\":443\"; ma=2592000,h3-Q050=\":443\"; ma=2592000,h3-Q046=\":443\"; ma=2592000,h3-Q043=\":443\"; ma=2592000,quic=\":443\"; ma=2592000; v=\"46,43\"","accept-ranges":"none","transfer-encoding":"chunked"}
[debug] [2021-04-19T05:30:04.557Z] >>> HTTP REQUEST GET https://firebase.googleapis.com/v1beta1/projects/pwgram-ae7bc  
 
[debug] [2021-04-19T05:30:04.837Z] <<< HTTP RESPONSE 200 {"content-type":"application/json; charset=UTF-8","vary":"X-Origin, Referer, Origin,Accept-Encoding","date":"Mon, 19 Apr 2021 05:30:04 GMT","server":"ESF","cache-control":"private","x-xss-protection":"0","x-frame-options":"SAMEORIGIN","x-content-type-options":"nosniff","alt-svc":"h3-29=\":443\"; ma=2592000,h3-T051=\":443\"; ma=2592000,h3-Q050=\":443\"; ma=2592000,h3-Q046=\":443\"; ma=2592000,h3-Q043=\":443\"; ma=2592000,quic=\":443\"; ma=2592000; v=\"46,43\"","accept-ranges":"none","transfer-encoding":"chunked"}
[info] 
[info] === Deploying to 'pwgram-ae7bc'...
[info] 
[info] i  deploying functions, hosting 
[debug] [2021-04-19T05:30:06.661Z] > [functions] package.json contents: {
  "name": "functions",
  "description": "Cloud Functions for Firebase",
  "scripts": {
    "web-push": "web-push"
  },
  "engines": {
    "node": "12"
  },
  "main": "index.js",
  "dependencies": {
    "cors": "^2.8.5",
    "firebase-admin": "^9.6.0",
    "firebase-functions": "^3.11.0",
    "web-push": "^3.4.4"
  },
  "devDependencies": {
    "firebase-functions-test": "^0.2.0"
  },
  "private": true
}
[info] i  functions: ensuring required API cloudfunctions.googleapis.com is enabled... 
[info] i  functions: ensuring required API cloudbuild.googleapis.com is enabled... 
[debug] [2021-04-19T05:30:07.447Z] >>> HTTP REQUEST GET https://serviceusage.googleapis.com/v1/projects/pwgram-ae7bc/services/cloudfunctions.googleapis.com  
 
[debug] [2021-04-19T05:30:07.447Z] >>> HTTP REQUEST GET https://serviceusage.googleapis.com/v1/projects/pwgram-ae7bc/services/runtimeconfig.googleapis.com  
 
[debug] [2021-04-19T05:30:07.448Z] >>> HTTP REQUEST GET https://serviceusage.googleapis.com/v1/projects/pwgram-ae7bc/services/cloudbuild.googleapis.com  
 
[debug] [2021-04-19T05:30:08.501Z] <<< HTTP RESPONSE 200 {"content-type":"application/json; charset=UTF-8","vary":"X-Origin, Referer, Origin,Accept-Encoding","date":"Mon, 19 Apr 2021 05:30:08 GMT","server":"ESF","cache-control":"private","x-xss-protection":"0","x-frame-options":"SAMEORIGIN","x-content-type-options":"nosniff","alt-svc":"h3-29=\":443\"; ma=2592000,h3-T051=\":443\"; ma=2592000,h3-Q050=\":443\"; ma=2592000,h3-Q046=\":443\"; ma=2592000,h3-Q043=\":443\"; ma=2592000,quic=\":443\"; ma=2592000; v=\"46,43\"","accept-ranges":"none","transfer-encoding":"chunked"}
[debug] [2021-04-19T05:30:08.523Z] <<< HTTP RESPONSE 200 {"content-type":"application/json; charset=UTF-8","vary":"X-Origin, Referer, Origin,Accept-Encoding","date":"Mon, 19 Apr 2021 05:30:08 GMT","server":"ESF","cache-control":"private","x-xss-protection":"0","x-frame-options":"SAMEORIGIN","x-content-type-options":"nosniff","alt-svc":"h3-29=\":443\"; ma=2592000,h3-T051=\":443\"; ma=2592000,h3-Q050=\":443\"; ma=2592000,h3-Q046=\":443\"; ma=2592000,h3-Q043=\":443\"; ma=2592000,quic=\":443\"; ma=2592000; v=\"46,43\"","accept-ranges":"none","transfer-encoding":"chunked"}
[info] ✔  functions: required API cloudbuild.googleapis.com is enabled 
[debug] [2021-04-19T05:30:08.543Z] <<< HTTP RESPONSE 200 {"content-type":"application/json; charset=UTF-8","vary":"X-Origin, Referer, Origin,Accept-Encoding","date":"Mon, 19 Apr 2021 05:30:08 GMT","server":"ESF","cache-control":"private","x-xss-protection":"0","x-frame-options":"SAMEORIGIN","x-content-type-options":"nosniff","alt-svc":"h3-29=\":443\"; ma=2592000,h3-T051=\":443\"; ma=2592000,h3-Q050=\":443\"; ma=2592000,h3-Q046=\":443\"; ma=2592000,h3-Q043=\":443\"; ma=2592000,quic=\":443\"; ma=2592000; v=\"46,43\"","accept-ranges":"none","transfer-encoding":"chunked"}
[info] ✔  functions: required API cloudfunctions.googleapis.com is enabled 
[debug] [2021-04-19T05:30:08.545Z] >>> HTTP REQUEST GET https://firebase.googleapis.com/v1beta1/projects/pwgram-ae7bc/adminSdkConfig  
 
[debug] [2021-04-19T05:30:09.060Z] <<< HTTP RESPONSE 200 {"content-type":"application/json; charset=UTF-8","vary":"X-Origin, Referer, Origin,Accept-Encoding","date":"Mon, 19 Apr 2021 05:30:09 GMT","server":"ESF","cache-control":"private","x-xss-protection":"0","x-frame-options":"SAMEORIGIN","x-content-type-options":"nosniff","alt-svc":"h3-29=\":443\"; ma=2592000,h3-T051=\":443\"; ma=2592000,h3-Q050=\":443\"; ma=2592000,h3-Q046=\":443\"; ma=2592000,h3-Q043=\":443\"; ma=2592000,quic=\":443\"; ma=2592000; v=\"46,43\"","accept-ranges":"none","transfer-encoding":"chunked"}
[debug] [2021-04-19T05:30:09.064Z] >>> HTTP REQUEST POST https://firebasehosting.googleapis.com/v1beta1/sites/pwgram-ae7bc/versions  
 {"config":{},"labels":{"deployment-tool":"cli-firebase"}}
[debug] [2021-04-19T05:30:10.435Z] <<< HTTP RESPONSE 200 {"content-type":"application/json; charset=UTF-8","vary":"X-Origin, Referer, Origin,Accept-Encoding","date":"Mon, 19 Apr 2021 05:30:10 GMT","server":"ESF","cache-control":"private","x-xss-protection":"0","x-frame-options":"SAMEORIGIN","x-content-type-options":"nosniff","alt-svc":"h3-29=\":443\"; ma=2592000,h3-T051=\":443\"; ma=2592000,h3-Q050=\":443\"; ma=2592000,h3-Q046=\":443\"; ma=2592000,h3-Q043=\":443\"; ma=2592000,quic=\":443\"; ma=2592000; v=\"46,43\"","accept-ranges":"none","transfer-encoding":"chunked"}
[info] i  functions: preparing functions directory for uploading... 
[debug] [2021-04-19T05:30:10.438Z] >>> HTTP REQUEST GET https://runtimeconfig.googleapis.com/v1beta1/projects/pwgram-ae7bc/configs  
 
[debug] [2021-04-19T05:30:11.474Z] <<< HTTP RESPONSE 200 {"content-type":"application/json; charset=UTF-8","vary":"X-Origin, Referer, Origin,Accept-Encoding","date":"Mon, 19 Apr 2021 05:30:11 GMT","server":"ESF","cache-control":"private","x-xss-protection":"0","x-frame-options":"SAMEORIGIN","x-content-type-options":"nosniff","alt-svc":"h3-29=\":443\"; ma=2592000,h3-T051=\":443\"; ma=2592000,h3-Q050=\":443\"; ma=2592000,h3-Q046=\":443\"; ma=2592000,h3-Q043=\":443\"; ma=2592000,quic=\":443\"; ma=2592000; v=\"46,43\"","accept-ranges":"none","transfer-encoding":"chunked"}
[info] i  functions: packaged functions (24.4 KB) for uploading 
[debug] [2021-04-19T05:30:11.733Z] >>> HTTP REQUEST GET https://cloudfunctions.googleapis.com/v1/projects/pwgram-ae7bc/locations/-/functions  
 
[debug] [2021-04-19T05:30:12.646Z] <<< HTTP RESPONSE 200 {"content-type":"application/json; charset=UTF-8","vary":"X-Origin, Referer, Origin,Accept-Encoding","date":"Mon, 19 Apr 2021 05:30:12 GMT","server":"ESF","cache-control":"private","x-xss-protection":"0","x-frame-options":"SAMEORIGIN","x-content-type-options":"nosniff","alt-svc":"h3-29=\":443\"; ma=2592000,h3-T051=\":443\"; ma=2592000,h3-Q050=\":443\"; ma=2592000,h3-Q046=\":443\"; ma=2592000,h3-Q043=\":443\"; ma=2592000,quic=\":443\"; ma=2592000; v=\"46,43\"","accept-ranges":"none","transfer-encoding":"chunked"}
[debug] [2021-04-19T05:30:12.650Z] >>> HTTP REQUEST POST https://cloudfunctions.googleapis.com/v1/projects/pwgram-ae7bc/locations/us-central1/functions:generateUploadUrl  
 
[debug] [2021-04-19T05:30:13.669Z] <<< HTTP RESPONSE 200 {"content-type":"application/json; charset=UTF-8","vary":"X-Origin, Referer, Origin,Accept-Encoding","date":"Mon, 19 Apr 2021 05:30:13 GMT","server":"ESF","cache-control":"private","x-xss-protection":"0","x-frame-options":"SAMEORIGIN","x-content-type-options":"nosniff","alt-svc":"h3-29=\":443\"; ma=2592000,h3-T051=\":443\"; ma=2592000,h3-Q050=\":443\"; ma=2592000,h3-Q046=\":443\"; ma=2592000,h3-Q043=\":443\"; ma=2592000,quic=\":443\"; ma=2592000; v=\"46,43\"","accept-ranges":"none","transfer-encoding":"chunked"}
[debug] [2021-04-19T05:30:13.670Z] >>> HTTP REQUEST PUT https://storage.googleapis.com/gcf-upload-us-central1-c3d9a522-0ae9-4c55-a457-e08d5cf53d60/7b95df12-9999-421c-9ee0-9cc2a513e769.zip?GoogleAccessId=service-731663273277@gcf-admin-robot.iam.gserviceaccount.com&Expires=1618812013&Signature=EDxR7MDv3xcDrBO27KtT8CTrBHM%2FQq3Jfk91vDdnUZQbaEnHPe60shSAhbzAaVYVI7gjih0iOxIaPQCXqGKZC9FwWfBBrUdk5wwCDBGoImp%2BH1InLjT8ezjKO6gomrVOQ1BQytNQr3uPB9BfW8U2vq3jSZ0b9JnZnGf%2BRr6uVti3pVVU%2BRjq8972jXFc0MlArgy027SVxSwPdCUEOpWdkyfVTeAmT2FTePHbj%2Fm5LfPD9I5Vo5QUjVWiM3EKQoRyVwfWZA6RpMD0JNd0R2%2FwmBd%2Bkw99RgjHtVlxxQ9ahzkxIMtxW7dHf%2FMnAoKJp0Nk72OkROHX1U7NOjvJqkwzXw%3D%3D  
 <request body omitted>
[debug] [2021-04-19T05:30:14.283Z] <<< HTTP RESPONSE 200 {"x-guploader-uploadid":"ABg5-UxnBGDd4CEiSnkaY49BCq1QYoL2Z8Re9DN3D5lpp8Y-GH7HdtHxHjFlpJBTTTZIh-KCJnkm-3-LgFyNSRF01ag","etag":"\"a3c6acfbf66af3ef6a211fc49bd33016\"","x-goog-generation":"1618810214174493","x-goog-metageneration":"1","x-goog-hash":"crc32c=3pFtmw==, md5=o8as+/Zq8+9qIR/Em9MwFg==","x-goog-stored-content-length":"24989","x-goog-stored-content-encoding":"identity","vary":"Origin","content-length":"0","date":"Mon, 19 Apr 2021 05:30:14 GMT","server":"UploadServer","content-type":"text/html; charset=UTF-8","alt-svc":"h3-29=\":443\"; ma=2592000,h3-T051=\":443\"; ma=2592000,h3-Q050=\":443\"; ma=2592000,h3-Q046=\":443\"; ma=2592000,h3-Q043=\":443\"; ma=2592000,quic=\":443\"; ma=2592000; v=\"46,43\""}
[info] ✔  functions: functions folder uploaded successfully 
[info] i  hosting[pwgram-ae7bc]: beginning deploy... 
[info] i  hosting[pwgram-ae7bc]: found 37 files in public 
[debug] [2021-04-19T05:30:14.315Z] [hosting] hash cache [cHVibGlj] stored for 37 files
[debug] [2021-04-19T05:30:14.316Z] [hosting][hash queue][FINAL] {"max":6,"min":0,"avg":0.6216216216216216,"active":0,"complete":37,"success":37,"errored":0,"retried":0,"total":37,"elapsed":10}
[debug] [2021-04-19T05:30:14.316Z] >>> HTTP REQUEST POST https://firebasehosting.googleapis.com/v1beta1/sites/pwgram-ae7bc/versions/2b66a8a58dd9a31b:populateFiles  
 <request body omitted>
[debug] [2021-04-19T05:30:15.615Z] <<< HTTP RESPONSE 200 {"content-type":"application/json; charset=UTF-8","vary":"X-Origin, Referer, Origin,Accept-Encoding","date":"Mon, 19 Apr 2021 05:30:15 GMT","server":"ESF","cache-control":"private","x-xss-protection":"0","x-frame-options":"SAMEORIGIN","x-content-type-options":"nosniff","alt-svc":"h3-29=\":443\"; ma=2592000,h3-T051=\":443\"; ma=2592000,h3-Q050=\":443\"; ma=2592000,h3-Q046=\":443\"; ma=2592000,h3-Q043=\":443\"; ma=2592000,quic=\":443\"; ma=2592000; v=\"46,43\"","accept-ranges":"none","transfer-encoding":"chunked"}
[debug] [2021-04-19T05:30:15.619Z] [hosting][populate queue][FINAL] {"max":1302,"min":1302,"avg":1302,"active":0,"complete":1,"success":1,"errored":0,"retried":0,"total":1,"elapsed":1305}
[debug] [2021-04-19T05:30:15.619Z] [hosting] uploads queued: 5
[debug] [2021-04-19T05:30:19.685Z] [hosting][upload queue][FINAL] {"max":4068,"min":1944,"avg":2759.2,"active":0,"complete":5,"success":5,"errored":0,"retried":0,"total":5,"elapsed":4069}
[info] ✔  hosting[pwgram-ae7bc]: file upload complete 
[debug] [2021-04-19T05:30:19.686Z] [hosting] deploy completed after 5401ms
[info] i  functions: updating Node.js 12 function storePostData(us-central1)... 
[debug] [2021-04-19T05:30:19.866Z] Trigger is:  {"httpsTrigger":{}}
[debug] [2021-04-19T05:30:19.868Z] >>> HTTP REQUEST PATCH https://cloudfunctions.googleapis.com/v1/projects/pwgram-ae7bc/locations/us-central1/functions/storePostData {"updateMask":"sourceUploadUrl,name,labels,runtime,environmentVariables,httpsTrigger"} 
 {"sourceUploadUrl":"https://storage.googleapis.com/gcf-upload-us-central1-c3d9a522-0ae9-4c55-a457-e08d5cf53d60/7b95df12-9999-421c-9ee0-9cc2a513e769.zip?GoogleAccessId=service-731663273277@gcf-admin-robot.iam.gserviceaccount.com&Expires=1618812013&Signature=EDxR7MDv3xcDrBO27KtT8CTrBHM%2FQq3Jfk91vDdnUZQbaEnHPe60shSAhbzAaVYVI7gjih0iOxIaPQCXqGKZC9FwWfBBrUdk5wwCDBGoImp%2BH1InLjT8ezjKO6gomrVOQ1BQytNQr3uPB9BfW8U2vq3jSZ0b9JnZnGf%2BRr6uVti3pVVU%2BRjq8972jXFc0MlArgy027SVxSwPdCUEOpWdkyfVTeAmT2FTePHbj%2Fm5LfPD9I5Vo5QUjVWiM3EKQoRyVwfWZA6RpMD0JNd0R2%2FwmBd%2Bkw99RgjHtVlxxQ9ahzkxIMtxW7dHf%2FMnAoKJp0Nk72OkROHX1U7NOjvJqkwzXw%3D%3D","name":"projects/pwgram-ae7bc/locations/us-central1/functions/storePostData","labels":{"deployment-tool":"cli-firebase"},"httpsTrigger":{},"runtime":"nodejs12","environmentVariables":{"FIREBASE_CONFIG":"{\"projectId\":\"pwgram-ae7bc\",\"databaseURL\":\"https://pwgram-ae7bc-default-rtdb.firebaseio.com\",\"storageBucket\":\"pwgram-ae7bc.appspot.com\",\"locationId\":\"europe-west\"}"}}
[debug] [2021-04-19T05:30:20.633Z] <<< HTTP RESPONSE 200 {"content-type":"application/json; charset=UTF-8","vary":"X-Origin, Referer, Origin,Accept-Encoding","date":"Mon, 19 Apr 2021 05:30:20 GMT","server":"ESF","cache-control":"private","x-xss-protection":"0","x-frame-options":"SAMEORIGIN","x-content-type-options":"nosniff","alt-svc":"h3-29=\":443\"; ma=2592000,h3-T051=\":443\"; ma=2592000,h3-Q050=\":443\"; ma=2592000,h3-Q046=\":443\"; ma=2592000,h3-Q043=\":443\"; ma=2592000,quic=\":443\"; ma=2592000; v=\"46,43\"","accept-ranges":"none","transfer-encoding":"chunked"}
[debug] [2021-04-19T05:30:20.635Z] >>> HTTP REQUEST GET https://cloudfunctions.googleapis.com/v1/projects/pwgram-ae7bc/locations/-/functions  
 
[debug] [2021-04-19T05:30:21.554Z] <<< HTTP RESPONSE 200 {"content-type":"application/json; charset=UTF-8","vary":"X-Origin, Referer, Origin,Accept-Encoding","date":"Mon, 19 Apr 2021 05:30:21 GMT","server":"ESF","cache-control":"private","x-xss-protection":"0","x-frame-options":"SAMEORIGIN","x-content-type-options":"nosniff","alt-svc":"h3-29=\":443\"; ma=2592000,h3-T051=\":443\"; ma=2592000,h3-Q050=\":443\"; ma=2592000,h3-Q046=\":443\"; ma=2592000,h3-Q043=\":443\"; ma=2592000,quic=\":443\"; ma=2592000; v=\"46,43\"","accept-ranges":"none","transfer-encoding":"chunked"}
[debug] [2021-04-19T05:30:21.556Z] >>> HTTP REQUEST GET https://cloudfunctions.googleapis.com/v1/operations/cHdncmFtLWFlN2JjL3VzLWNlbnRyYWwxL3N0b3JlUG9zdERhdGEvRkYwZVl4RWlQOGs  
 
[debug] [2021-04-19T05:30:22.169Z] <<< HTTP RESPONSE 200 {"content-type":"application/json; charset=UTF-8","vary":"X-Origin, Referer, Origin,Accept-Encoding","date":"Mon, 19 Apr 2021 05:30:22 GMT","server":"ESF","cache-control":"private","x-xss-protection":"0","x-frame-options":"SAMEORIGIN","x-content-type-options":"nosniff","alt-svc":"h3-29=\":443\"; ma=2592000,h3-T051=\":443\"; ma=2592000,h3-Q050=\":443\"; ma=2592000,h3-Q046=\":443\"; ma=2592000,h3-Q043=\":443\"; ma=2592000,quic=\":443\"; ma=2592000; v=\"46,43\"","accept-ranges":"none","transfer-encoding":"chunked"}
[debug] [2021-04-19T05:30:24.173Z] >>> HTTP REQUEST GET https://cloudfunctions.googleapis.com/v1/operations/cHdncmFtLWFlN2JjL3VzLWNlbnRyYWwxL3N0b3JlUG9zdERhdGEvRkYwZVl4RWlQOGs  
 
[debug] [2021-04-19T05:30:24.831Z] <<< HTTP RESPONSE 200 {"content-type":"application/json; charset=UTF-8","vary":"X-Origin, Referer, Origin,Accept-Encoding","date":"Mon, 19 Apr 2021 05:30:24 GMT","server":"ESF","cache-control":"private","x-xss-protection":"0","x-frame-options":"SAMEORIGIN","x-content-type-options":"nosniff","alt-svc":"h3-29=\":443\"; ma=2592000,h3-T051=\":443\"; ma=2592000,h3-Q050=\":443\"; ma=2592000,h3-Q046=\":443\"; ma=2592000,h3-Q043=\":443\"; ma=2592000,quic=\":443\"; ma=2592000; v=\"46,43\"","accept-ranges":"none","transfer-encoding":"chunked"}
[debug] [2021-04-19T05:30:26.834Z] >>> HTTP REQUEST GET https://cloudfunctions.googleapis.com/v1/operations/cHdncmFtLWFlN2JjL3VzLWNlbnRyYWwxL3N0b3JlUG9zdERhdGEvRkYwZVl4RWlQOGs  
 
[debug] [2021-04-19T05:30:27.493Z] <<< HTTP RESPONSE 200 {"content-type":"application/json; charset=UTF-8","vary":"X-Origin, Referer, Origin,Accept-Encoding","date":"Mon, 19 Apr 2021 05:30:27 GMT","server":"ESF","cache-control":"private","x-xss-protection":"0","x-frame-options":"SAMEORIGIN","x-content-type-options":"nosniff","alt-svc":"h3-29=\":443\"; ma=2592000,h3-T051=\":443\"; ma=2592000,h3-Q050=\":443\"; ma=2592000,h3-Q046=\":443\"; ma=2592000,h3-Q043=\":443\"; ma=2592000,quic=\":443\"; ma=2592000; v=\"46,43\"","accept-ranges":"none","transfer-encoding":"chunked"}
[debug] [2021-04-19T05:30:29.500Z] >>> HTTP REQUEST GET https://cloudfunctions.googleapis.com/v1/operations/cHdncmFtLWFlN2JjL3VzLWNlbnRyYWwxL3N0b3JlUG9zdERhdGEvRkYwZVl4RWlQOGs  
 
[debug] [2021-04-19T05:30:30.157Z] <<< HTTP RESPONSE 200 {"content-type":"application/json; charset=UTF-8","vary":"X-Origin, Referer, Origin,Accept-Encoding","date":"Mon, 19 Apr 2021 05:30:30 GMT","server":"ESF","cache-control":"private","x-xss-protection":"0","x-frame-options":"SAMEORIGIN","x-content-type-options":"nosniff","alt-svc":"h3-29=\":443\"; ma=2592000,h3-T051=\":443\"; ma=2592000,h3-Q050=\":443\"; ma=2592000,h3-Q046=\":443\"; ma=2592000,h3-Q043=\":443\"; ma=2592000,quic=\":443\"; ma=2592000; v=\"46,43\"","accept-ranges":"none","transfer-encoding":"chunked"}
[debug] [2021-04-19T05:30:32.165Z] >>> HTTP REQUEST GET https://cloudfunctions.googleapis.com/v1/operations/cHdncmFtLWFlN2JjL3VzLWNlbnRyYWwxL3N0b3JlUG9zdERhdGEvRkYwZVl4RWlQOGs  
 
[debug] [2021-04-19T05:30:32.613Z] <<< HTTP RESPONSE 200 {"content-type":"application/json; charset=UTF-8","vary":"X-Origin, Referer, Origin,Accept-Encoding","date":"Mon, 19 Apr 2021 05:30:32 GMT","server":"ESF","cache-control":"private","x-xss-protection":"0","x-frame-options":"SAMEORIGIN","x-content-type-options":"nosniff","alt-svc":"h3-29=\":443\"; ma=2592000,h3-T051=\":443\"; ma=2592000,h3-Q050=\":443\"; ma=2592000,h3-Q046=\":443\"; ma=2592000,h3-Q043=\":443\"; ma=2592000,quic=\":443\"; ma=2592000; v=\"46,43\"","accept-ranges":"none","transfer-encoding":"chunked"}
[debug] [2021-04-19T05:30:34.616Z] >>> HTTP REQUEST GET https://cloudfunctions.googleapis.com/v1/operations/cHdncmFtLWFlN2JjL3VzLWNlbnRyYWwxL3N0b3JlUG9zdERhdGEvRkYwZVl4RWlQOGs  
 
[debug] [2021-04-19T05:30:35.071Z] <<< HTTP RESPONSE 200 {"content-type":"application/json; charset=UTF-8","vary":"X-Origin, Referer, Origin,Accept-Encoding","date":"Mon, 19 Apr 2021 05:30:35 GMT","server":"ESF","cache-control":"private","x-xss-protection":"0","x-frame-options":"SAMEORIGIN","x-content-type-options":"nosniff","alt-svc":"h3-29=\":443\"; ma=2592000,h3-T051=\":443\"; ma=2592000,h3-Q050=\":443\"; ma=2592000,h3-Q046=\":443\"; ma=2592000,h3-Q043=\":443\"; ma=2592000,quic=\":443\"; ma=2592000; v=\"46,43\"","accept-ranges":"none","transfer-encoding":"chunked"}
[debug] [2021-04-19T05:30:37.074Z] >>> HTTP REQUEST GET https://cloudfunctions.googleapis.com/v1/operations/cHdncmFtLWFlN2JjL3VzLWNlbnRyYWwxL3N0b3JlUG9zdERhdGEvRkYwZVl4RWlQOGs  
 
[debug] [2021-04-19T05:30:37.732Z] <<< HTTP RESPONSE 200 {"content-type":"application/json; charset=UTF-8","vary":"X-Origin, Referer, Origin,Accept-Encoding","date":"Mon, 19 Apr 2021 05:30:37 GMT","server":"ESF","cache-control":"private","x-xss-protection":"0","x-frame-options":"SAMEORIGIN","x-content-type-options":"nosniff","alt-svc":"h3-29=\":443\"; ma=2592000,h3-T051=\":443\"; ma=2592000,h3-Q050=\":443\"; ma=2592000,h3-Q046=\":443\"; ma=2592000,h3-Q043=\":443\"; ma=2592000,quic=\":443\"; ma=2592000; v=\"46,43\"","accept-ranges":"none","transfer-encoding":"chunked"}
[debug] [2021-04-19T05:30:39.734Z] >>> HTTP REQUEST GET https://cloudfunctions.googleapis.com/v1/operations/cHdncmFtLWFlN2JjL3VzLWNlbnRyYWwxL3N0b3JlUG9zdERhdGEvRkYwZVl4RWlQOGs  
 
[debug] [2021-04-19T05:30:40.042Z] <<< HTTP RESPONSE 200 {"content-type":"application/json; charset=UTF-8","vary":"X-Origin, Referer, Origin,Accept-Encoding","date":"Mon, 19 Apr 2021 05:30:40 GMT","server":"ESF","cache-control":"private","x-xss-protection":"0","x-frame-options":"SAMEORIGIN","x-content-type-options":"nosniff","alt-svc":"h3-29=\":443\"; ma=2592000,h3-T051=\":443\"; ma=2592000,h3-Q050=\":443\"; ma=2592000,h3-Q046=\":443\"; ma=2592000,h3-Q043=\":443\"; ma=2592000,quic=\":443\"; ma=2592000; v=\"46,43\"","accept-ranges":"none","transfer-encoding":"chunked"}
[debug] [2021-04-19T05:30:42.049Z] >>> HTTP REQUEST GET https://cloudfunctions.googleapis.com/v1/operations/cHdncmFtLWFlN2JjL3VzLWNlbnRyYWwxL3N0b3JlUG9zdERhdGEvRkYwZVl4RWlQOGs  
 
[debug] [2021-04-19T05:30:42.648Z] <<< HTTP RESPONSE 200 {"content-type":"application/json; charset=UTF-8","vary":"X-Origin, Referer, Origin,Accept-Encoding","date":"Mon, 19 Apr 2021 05:30:42 GMT","server":"ESF","cache-control":"private","x-xss-protection":"0","x-frame-options":"SAMEORIGIN","x-content-type-options":"nosniff","alt-svc":"h3-29=\":443\"; ma=2592000,h3-T051=\":443\"; ma=2592000,h3-Q050=\":443\"; ma=2592000,h3-Q046=\":443\"; ma=2592000,h3-Q043=\":443\"; ma=2592000,quic=\":443\"; ma=2592000; v=\"46,43\"","accept-ranges":"none","transfer-encoding":"chunked"}
[debug] [2021-04-19T05:30:44.652Z] >>> HTTP REQUEST GET https://cloudfunctions.googleapis.com/v1/operations/cHdncmFtLWFlN2JjL3VzLWNlbnRyYWwxL3N0b3JlUG9zdERhdGEvRkYwZVl4RWlQOGs  
 
[debug] [2021-04-19T05:30:45.108Z] <<< HTTP RESPONSE 200 {"content-type":"application/json; charset=UTF-8","vary":"X-Origin, Referer, Origin,Accept-Encoding","date":"Mon, 19 Apr 2021 05:30:45 GMT","server":"ESF","cache-control":"private","x-xss-protection":"0","x-frame-options":"SAMEORIGIN","x-content-type-options":"nosniff","alt-svc":"h3-29=\":443\"; ma=2592000,h3-T051=\":443\"; ma=2592000,h3-Q050=\":443\"; ma=2592000,h3-Q046=\":443\"; ma=2592000,h3-Q043=\":443\"; ma=2592000,quic=\":443\"; ma=2592000; v=\"46,43\"","accept-ranges":"none","transfer-encoding":"chunked"}
[debug] [2021-04-19T05:30:47.109Z] >>> HTTP REQUEST GET https://cloudfunctions.googleapis.com/v1/operations/cHdncmFtLWFlN2JjL3VzLWNlbnRyYWwxL3N0b3JlUG9zdERhdGEvRkYwZVl4RWlQOGs  
 
[debug] [2021-04-19T05:30:47.666Z] <<< HTTP RESPONSE 200 {"content-type":"application/json; charset=UTF-8","vary":"X-Origin, Referer, Origin,Accept-Encoding","date":"Mon, 19 Apr 2021 05:30:47 GMT","server":"ESF","cache-control":"private","x-xss-protection":"0","x-frame-options":"SAMEORIGIN","x-content-type-options":"nosniff","alt-svc":"h3-29=\":443\"; ma=2592000,h3-T051=\":443\"; ma=2592000,h3-Q050=\":443\"; ma=2592000,h3-Q046=\":443\"; ma=2592000,h3-Q043=\":443\"; ma=2592000,quic=\":443\"; ma=2592000; v=\"46,43\"","accept-ranges":"none","transfer-encoding":"chunked"}
[debug] [2021-04-19T05:30:49.670Z] >>> HTTP REQUEST GET https://cloudfunctions.googleapis.com/v1/operations/cHdncmFtLWFlN2JjL3VzLWNlbnRyYWwxL3N0b3JlUG9zdERhdGEvRkYwZVl4RWlQOGs  
 
[debug] [2021-04-19T05:30:50.328Z] <<< HTTP RESPONSE 200 {"content-type":"application/json; charset=UTF-8","vary":"X-Origin, Referer, Origin,Accept-Encoding","date":"Mon, 19 Apr 2021 05:30:50 GMT","server":"ESF","cache-control":"private","x-xss-protection":"0","x-frame-options":"SAMEORIGIN","x-content-type-options":"nosniff","alt-svc":"h3-29=\":443\"; ma=2592000,h3-T051=\":443\"; ma=2592000,h3-Q050=\":443\"; ma=2592000,h3-Q046=\":443\"; ma=2592000,h3-Q043=\":443\"; ma=2592000,quic=\":443\"; ma=2592000; v=\"46,43\"","accept-ranges":"none","transfer-encoding":"chunked"}
[debug] [2021-04-19T05:30:52.331Z] >>> HTTP REQUEST GET https://cloudfunctions.googleapis.com/v1/operations/cHdncmFtLWFlN2JjL3VzLWNlbnRyYWwxL3N0b3JlUG9zdERhdGEvRkYwZVl4RWlQOGs  
 
[debug] [2021-04-19T05:30:52.990Z] <<< HTTP RESPONSE 200 {"content-type":"application/json; charset=UTF-8","vary":"X-Origin, Referer, Origin,Accept-Encoding","date":"Mon, 19 Apr 2021 05:30:52 GMT","server":"ESF","cache-control":"private","x-xss-protection":"0","x-frame-options":"SAMEORIGIN","x-content-type-options":"nosniff","alt-svc":"h3-29=\":443\"; ma=2592000,h3-T051=\":443\"; ma=2592000,h3-Q050=\":443\"; ma=2592000,h3-Q046=\":443\"; ma=2592000,h3-Q043=\":443\"; ma=2592000,quic=\":443\"; ma=2592000; v=\"46,43\"","accept-ranges":"none","transfer-encoding":"chunked"}
[debug] [2021-04-19T05:30:54.993Z] >>> HTTP REQUEST GET https://cloudfunctions.googleapis.com/v1/operations/cHdncmFtLWFlN2JjL3VzLWNlbnRyYWwxL3N0b3JlUG9zdERhdGEvRkYwZVl4RWlQOGs  
 
[debug] [2021-04-19T05:30:55.653Z] <<< HTTP RESPONSE 200 {"content-type":"application/json; charset=UTF-8","vary":"X-Origin, Referer, Origin,Accept-Encoding","date":"Mon, 19 Apr 2021 05:30:55 GMT","server":"ESF","cache-control":"private","x-xss-protection":"0","x-frame-options":"SAMEORIGIN","x-content-type-options":"nosniff","alt-svc":"h3-29=\":443\"; ma=2592000,h3-T051=\":443\"; ma=2592000,h3-Q050=\":443\"; ma=2592000,h3-Q046=\":443\"; ma=2592000,h3-Q043=\":443\"; ma=2592000,quic=\":443\"; ma=2592000; v=\"46,43\"","accept-ranges":"none","transfer-encoding":"chunked"}
[debug] [2021-04-19T05:30:57.655Z] >>> HTTP REQUEST GET https://cloudfunctions.googleapis.com/v1/operations/cHdncmFtLWFlN2JjL3VzLWNlbnRyYWwxL3N0b3JlUG9zdERhdGEvRkYwZVl4RWlQOGs  
 
[debug] [2021-04-19T05:30:58.315Z] <<< HTTP RESPONSE 200 {"content-type":"application/json; charset=UTF-8","vary":"X-Origin, Referer, Origin,Accept-Encoding","date":"Mon, 19 Apr 2021 05:30:58 GMT","server":"ESF","cache-control":"private","x-xss-protection":"0","x-frame-options":"SAMEORIGIN","x-content-type-options":"nosniff","alt-svc":"h3-29=\":443\"; ma=2592000,h3-T051=\":443\"; ma=2592000,h3-Q050=\":443\"; ma=2592000,h3-Q046=\":443\"; ma=2592000,h3-Q043=\":443\"; ma=2592000,quic=\":443\"; ma=2592000; v=\"46,43\"","accept-ranges":"none","transfer-encoding":"chunked"}
[debug] [2021-04-19T05:31:00.319Z] >>> HTTP REQUEST GET https://cloudfunctions.googleapis.com/v1/operations/cHdncmFtLWFlN2JjL3VzLWNlbnRyYWwxL3N0b3JlUG9zdERhdGEvRkYwZVl4RWlQOGs  
 
[debug] [2021-04-19T05:31:00.978Z] <<< HTTP RESPONSE 200 {"content-type":"application/json; charset=UTF-8","vary":"X-Origin, Referer, Origin,Accept-Encoding","date":"Mon, 19 Apr 2021 05:31:00 GMT","server":"ESF","cache-control":"private","x-xss-protection":"0","x-frame-options":"SAMEORIGIN","x-content-type-options":"nosniff","alt-svc":"h3-29=\":443\"; ma=2592000,h3-T051=\":443\"; ma=2592000,h3-Q050=\":443\"; ma=2592000,h3-Q046=\":443\"; ma=2592000,h3-Q043=\":443\"; ma=2592000,quic=\":443\"; ma=2592000; v=\"46,43\"","accept-ranges":"none","transfer-encoding":"chunked"}
[debug] [2021-04-19T05:31:02.983Z] >>> HTTP REQUEST GET https://cloudfunctions.googleapis.com/v1/operations/cHdncmFtLWFlN2JjL3VzLWNlbnRyYWwxL3N0b3JlUG9zdERhdGEvRkYwZVl4RWlQOGs  
 
[debug] [2021-04-19T05:31:03.640Z] <<< HTTP RESPONSE 200 {"content-type":"application/json; charset=UTF-8","vary":"X-Origin, Referer, Origin,Accept-Encoding","date":"Mon, 19 Apr 2021 05:31:03 GMT","server":"ESF","cache-control":"private","x-xss-protection":"0","x-frame-options":"SAMEORIGIN","x-content-type-options":"nosniff","alt-svc":"h3-29=\":443\"; ma=2592000,h3-T051=\":443\"; ma=2592000,h3-Q050=\":443\"; ma=2592000,h3-Q046=\":443\"; ma=2592000,h3-Q043=\":443\"; ma=2592000,quic=\":443\"; ma=2592000; v=\"46,43\"","accept-ranges":"none","transfer-encoding":"chunked"}
